<?xml version="1.0" encoding="UTF-8"?>
<!-- Generated by org.testng.reporters.JUnitReportReporter -->
<testsuite hostname="QATest" failures="0" tests="3" name="faceBookTest.TestNG" time="14.664" errors="0" timestamp="2021-10-30T12:12:14 EAT" skipped="0">
  <testcase classname="faceBookTest.TestNG" name="f" time="11.191"/>
  <system-out/>
  <testcase classname="faceBookTest.TestNG" name="launchBrowser" time="3.080"/>
  <system-out/>
  <testcase classname="faceBookTest.TestNG" name="closeBrowser" time="0.393"/>
  <system-out/>
</testsuite> <!-- faceBookTest.TestNG -->
