<?xml version="1.0" encoding="UTF-8"?>
<!-- Generated by org.testng.reporters.JUnitReportReporter -->
<testsuite hostname="QATest" failures="0" tests="2" name="faceBookTest.FacebookTestNG" time="0.018" errors="0" timestamp="2021-10-29T09:37:50 EAT" skipped="0">
  <testcase classname="faceBookTest.FacebookTestNG" name="signUp" time="0.002"/>
  <system-out/>
  <testcase classname="faceBookTest.FacebookTestNG" name="logIn" time="0.016"/>
  <system-out/>
</testsuite> <!-- faceBookTest.FacebookTestNG -->
